TN:
SF:/Users/bubkoo/Documents/github/antv/x6/src/common/disposable.ts
FN:30,(anonymous_0)
FN:38,DisposableDelegate
FN:45,(anonymous_2)
FN:52,(anonymous_3)
FN:65,(anonymous_4)
FN:72,DisposableSet
FN:77,(anonymous_6)
FN:87,(anonymous_7)
FN:92,(anonymous_8)
FN:103,(anonymous_9)
FN:115,(anonymous_10)
FN:127,(anonymous_11)
FN:134,(anonymous_12)
FN:140,(anonymous_13)
FN:148,from
FN:150,(anonymous_15)
FNF:16
FNH:16
FNDA:1,(anonymous_0)
FNDA:20,DisposableDelegate
FNDA:2,(anonymous_2)
FNDA:18,(anonymous_3)
FNDA:1,(anonymous_4)
FNDA:15,DisposableSet
FNDA:2,(anonymous_6)
FNDA:14,(anonymous_7)
FNDA:27,(anonymous_8)
FNDA:6,(anonymous_9)
FNDA:38,(anonymous_10)
FNDA:3,(anonymous_11)
FNDA:1,(anonymous_12)
FNDA:1,(anonymous_13)
FNDA:10,from
FNDA:25,(anonymous_15)
DA:30,1
DA:39,20
DA:45,1
DA:46,2
DA:52,1
DA:53,18
DA:54,2
DA:56,16
DA:57,16
DA:58,16
DA:60,1
DA:65,2
DA:66,15
DA:67,15
DA:77,1
DA:78,2
DA:87,1
DA:88,14
DA:89,2
DA:91,12
DA:92,27
DA:93,12
DA:103,1
DA:104,6
DA:115,1
DA:116,38
DA:127,1
DA:128,3
DA:134,1
DA:135,1
DA:138,1
DA:140,1
DA:148,1
DA:149,10
DA:150,25
DA:151,10
LF:36
LH:36
BRDA:53,0,0,2
BRDA:53,0,1,16
BRDA:88,1,0,2
BRDA:88,1,1,12
BRDA:140,2,0,1
BRDA:140,2,1,0
BRF:6
BRH:5
end_of_record
